[11:28:30] [ServerMain/INFO]: Environment: authHost='https://authserver.mojang.com', accountsHost='https://api.mojang.com', sessionHost='https://sessionserver.mojang.com', servicesHost='https://api.minecraftservices.com', name='PROD'
[11:28:31] [ServerMain/INFO]: Loaded 7 recipes
[11:28:32] [Server thread/INFO]: Starting minecraft server version 1.20
[11:28:32] [Server thread/INFO]: Loading properties
[11:28:32] [Server thread/INFO]: This server is running Paper version git-Paper-17 (MC: 1.20) (Implementing API version 1.20-R0.1-SNAPSHOT) (Git: c287e92)
[11:28:32] [Server thread/INFO]: Server Ping Player Sample Count: 12
[11:28:32] [Server thread/INFO]: Using 4 threads for Netty based IO
[11:28:32] [Server thread/WARN]: [!] The timings profiler has been enabled but has been scheduled for removal from Paper in the future.
    We recommend installing the spark profiler as a replacement: https://spark.lucko.me/
    For more information please visit: https://github.com/PaperMC/Paper/issues/8948
[11:28:32] [Server thread/INFO]: [ChunkTaskScheduler] Chunk system is using 1 I/O threads, 1 worker threads, and gen parallelism of 1 threads
[11:28:32] [Server thread/INFO]: Default game type: SURVIVAL
[11:28:32] [Server thread/INFO]: Generating keypair
[11:28:32] [Server thread/INFO]: Starting Minecraft server on *:25565
[11:28:32] [Server thread/INFO]: Using epoll channel type
[11:28:32] [Server thread/INFO]: Paper: Using libdeflate (Linux x86_64) compression from Velocity.
[11:28:32] [Server thread/INFO]: Paper: Using OpenSSL 1.1.x (Linux x86_64) cipher from Velocity.
[11:28:33] [Server thread/INFO]: [SpigotLibraryLoader] [ModelEngine] Loading 3 libraries... please wait
[11:28:33] [Server thread/INFO]: [SpigotLibraryLoader] [ModelEngine] Loaded library /workspaces/private-mc-server/libraries/net/kyori/adventure-api/4.14.0/adventure-api-4.14.0.jar
[11:28:33] [Server thread/INFO]: [SpigotLibraryLoader] [ModelEngine] Loaded library /workspaces/private-mc-server/libraries/net/kyori/adventure-key/4.14.0/adventure-key-4.14.0.jar
[11:28:33] [Server thread/INFO]: [SpigotLibraryLoader] [ModelEngine] Loaded library /workspaces/private-mc-server/libraries/net/kyori/examination-api/1.3.0/examination-api-1.3.0.jar
[11:28:33] [Server thread/INFO]: [SpigotLibraryLoader] [ModelEngine] Loaded library /workspaces/private-mc-server/libraries/net/kyori/examination-string/1.3.0/examination-string-1.3.0.jar
[11:28:33] [Server thread/INFO]: [SpigotLibraryLoader] [ModelEngine] Loaded library /workspaces/private-mc-server/libraries/org/jetbrains/annotations/24.0.1/annotations-24.0.1.jar
[11:28:33] [Server thread/INFO]: [SpigotLibraryLoader] [ModelEngine] Loaded library /workspaces/private-mc-server/libraries/net/kyori/adventure-text-serializer-gson/4.14.0/adventure-text-serializer-gson-4.14.0.jar
[11:28:33] [Server thread/INFO]: [SpigotLibraryLoader] [ModelEngine] Loaded library /workspaces/private-mc-server/libraries/net/kyori/adventure-text-serializer-json/4.14.0/adventure-text-serializer-json-4.14.0.jar
[11:28:33] [Server thread/INFO]: [SpigotLibraryLoader] [ModelEngine] Loaded library /workspaces/private-mc-server/libraries/com/google/code/gson/gson/2.8.0/gson-2.8.0.jar
[11:28:33] [Server thread/INFO]: [SpigotLibraryLoader] [ModelEngine] Loaded library /workspaces/private-mc-server/libraries/net/kyori/adventure-text-serializer-bungeecord/4.3.0/adventure-text-serializer-bungeecord-4.3.0.jar
[11:28:33] [Server thread/INFO]: [SpigotLibraryLoader] [ModelEngine] Loaded library /workspaces/private-mc-server/libraries/net/kyori/adventure-text-serializer-legacy/4.13.0/adventure-text-serializer-legacy-4.13.0.jar
[11:28:34] [Server thread/INFO]: [MythicMobs] Loading server plugin MythicMobs v5.6.2-3e052553
[11:28:34] [Server thread/INFO]: [LumineUtils] (io.lumine.mythic.bukkit.utils.) is bound to plugin MythicMobs - io.lumine.mythic.bukkit.MythicBukkit
[11:28:34] [Server thread/INFO]: [MythicMobs] §4M§6y§6t§6h§2i§2c§2 §3E§3n§1a§1b§1l§5e§5d§4!
[11:28:34] [Server thread/INFO]: [MythicCrucible] Loading server plugin MythicCrucible v2.0.0-SNAPSHOT
[11:28:34] [Server thread/INFO]: [ModelEngine] Loading server plugin ModelEngine vR4.0.6
[11:28:34] [Server thread/INFO]: [MythicLib] Loading server plugin MythicLib v1.6.1
[11:28:34] [Server thread/INFO]: [MythicLib] Plugin file is called 'MythicLib-1.6.1.jar'
[11:28:34] [Server thread/INFO]: [MythicLib] Detected Bukkit Version: v1_20_R1
[11:28:34] [Server thread/INFO]: Server permissions file permissions.yml is empty, ignoring it
[11:28:34] [Server thread/INFO]: [ModelEngine] Enabling ModelEngine vR4.0.6
[11:28:34] [Server thread/INFO]: Preparing level "world"
[11:28:34] [Server thread/INFO]: Preparing start region for dimension minecraft:overworld
[11:28:35] [Server thread/INFO]: Time elapsed: 193 ms
[11:28:35] [Server thread/INFO]: Preparing start region for dimension minecraft:the_nether
[11:28:35] [Server thread/INFO]: Time elapsed: 60 ms
[11:28:35] [Server thread/INFO]: Preparing start region for dimension minecraft:the_end
[11:28:35] [Server thread/INFO]: Time elapsed: 63 ms
[11:28:35] [Server thread/INFO]: [MythicMobs] Enabling MythicMobs v5.6.2-3e052553
[11:28:36] [Server thread/INFO]: [MythicMobs] Loading MythicMobs for Paper (MC: 1.20.0)...
[11:28:36] [Server thread/INFO]: [MythicMobs] The server is running Paper; enabled Paper exclusive functionality
[11:28:38] [Server thread/INFO]: [MythicMobs] Base directory /workspaces/private-mc-server/plugins/MythicMobs/data
[11:28:38] [Server thread/INFO]: [MythicMobs] Module directory /workspaces/private-mc-server/plugins/MythicMobs/data/worlds
[11:28:41] [Server thread/INFO]: [MythicMobs] Loading Packs...
[11:28:41] [Server thread/INFO]: [MythicMobs] Loading Items...
[11:28:41] [Server thread/INFO]: [MythicMobs] Loading Item Groups...
[11:28:41] [Server thread/INFO]: [MythicMobs] Loading Skills...
[11:28:42] [Server thread/INFO]: [MythicMobs] Loading Drop Tables...
[11:28:42] [Server thread/INFO]: [MythicMobs] Loading Random Spawns...
[11:28:42] [Server thread/INFO]: [MythicMobs] Loading Spawn Blocks...
[11:28:42] [Server thread/INFO]: [MythicMobs] ✓ Loaded 29 mobs.
[11:28:42] [Server thread/INFO]: [MythicMobs] ✓ Loaded 3 vanilla mob overrides.
[11:28:42] [Server thread/INFO]: [MythicMobs] ✓ Loaded 0 mob stacks.
[11:28:42] [Server thread/INFO]: [MythicMobs] ✓ Loaded 67 skills.
[11:28:42] [Server thread/INFO]: [MythicMobs] ✓ Loaded 0 random spawns.
[11:28:42] [Server thread/INFO]: [MythicMobs] ✓ Loaded 68 mythic items.
[11:28:42] [Server thread/INFO]: [MythicMobs] ✓ Loaded 2 drop tables.
[11:28:42] [Server thread/INFO]: [MythicMobs] ✓ Loaded 0 mob spawners.
[11:28:42] [Server thread/INFO]: [MythicMobs] MythicMobs configuration file loaded successfully.
[11:28:42] [Server thread/INFO]: [MythicMobs] Started up bStats Metrics
[11:28:42] [Server thread/INFO]: [MythicMobs] ✓ MythicMobs Premium v5.6.2 ( build 3e052553 ) has been successfully loaded!
[11:28:42] [Server thread/INFO]: [MythicMobs] Model Engine Compatibility Loaded.
[11:28:42] [Server thread/INFO]: [ModelEngine] [S] Compatibility applied: MythicMobs
[11:28:42] [Server thread/INFO]: [MythicCrucible] Enabling MythicCrucible v2.0.0-SNAPSHOT
[11:28:42] [Server thread/INFO]: [MythicMobs] §6------------------------------------------------
[11:28:42] [Server thread/INFO]: [MythicMobs] §b+ Loading MythicCrucible for Bukkit
[11:28:42] [Server thread/INFO]: [MythicMobs] §6------------------------------------------------
[11:28:43] [Server thread/INFO]: [MythicMobs] Registering Durability Listener
[11:28:47] [Server thread/INFO]: [MythicMobs] Started up bStats Metrics
[11:28:47] [Server thread/INFO]: [MythicMobs] MythicCrucible Support has been enabled!
[11:28:47] [Server thread/INFO]: [MythicMobs] ✓ MythicCrucible  v2.0.0 has been successfully loaded!
[11:28:47] [Server thread/INFO]: [MythicLib] Enabling MythicLib v1.6.1
[11:28:47] [Server thread/INFO]: [MythicMobs] MMO Plugin Support has been enabled!
[11:28:47] [Server thread/INFO]: [MythicLib] Hooked onto MythicMobs
[11:28:48] [Server thread/INFO]: Running delayed init tasks
[11:28:48] [Craft Scheduler Thread - 2 - ModelEngine/INFO]: [ModelEngine] [A] 
[11:28:48] [Craft Scheduler Thread - 2 - ModelEngine/INFO]: [ModelEngine] [A] [Importing models]
[11:28:48] [Craft Scheduler Thread - 2 - ModelEngine/INFO]: [ModelEngine] [A] 
[11:28:48] [Craft Scheduler Thread - 2 - ModelEngine/INFO]: [ModelEngine] [A] Importing blackballoon_em.bbmodel.
[11:28:48] [Server thread/INFO]: Done (15.849s)! For help, type "help"
[11:28:48] [Server thread/INFO]: Timings Reset
[11:28:48] [Craft Scheduler Thread - 2 - ModelEngine/INFO]: [ModelEngine] [A] 
[11:28:48] [Craft Scheduler Thread - 2 - ModelEngine/INFO]: [ModelEngine] [A] Importing blueballoon_em.bbmodel.
[11:28:48] [Craft Scheduler Thread - 2 - ModelEngine/INFO]: [ModelEngine] [A] 
[11:28:48] [Craft Scheduler Thread - 2 - ModelEngine/INFO]: [ModelEngine] [A] Importing greenballoon_em.bbmodel.
[11:28:48] [Craft Scheduler Thread - 2 - ModelEngine/INFO]: [ModelEngine] [A] 
[11:28:48] [Craft Scheduler Thread - 2 - ModelEngine/INFO]: [ModelEngine] [A] Importing magentaballoon_em.bbmodel.
[11:28:48] [Craft Scheduler Thread - 2 - ModelEngine/INFO]: [ModelEngine] [A] 
[11:28:48] [Craft Scheduler Thread - 2 - ModelEngine/INFO]: [ModelEngine] [A] Importing redballoon_em.bbmodel.
[11:28:48] [Craft Scheduler Thread - 2 - ModelEngine/INFO]: [ModelEngine] [A] 
[11:28:48] [Craft Scheduler Thread - 2 - ModelEngine/INFO]: [ModelEngine] [A] Importing violetballoon_em.bbmodel.
[11:28:48] [Craft Scheduler Thread - 2 - ModelEngine/INFO]: [ModelEngine] [A] 
[11:28:48] [Craft Scheduler Thread - 2 - ModelEngine/INFO]: [ModelEngine] [A] Importing whiteballoon_em.bbmodel.
[11:28:48] [Craft Scheduler Thread - 2 - ModelEngine/INFO]: [ModelEngine] [A] 
[11:28:48] [Craft Scheduler Thread - 2 - ModelEngine/INFO]: [ModelEngine] [A] Importing yellowballoon_em.bbmodel.
[11:28:48] [Craft Scheduler Thread - 2 - ModelEngine/INFO]: [ModelEngine] [A] 
[11:28:48] [Craft Scheduler Thread - 2 - ModelEngine/INFO]: [ModelEngine] [A] Importing em_choco_cake.bbmodel.
[11:28:48] [Craft Scheduler Thread - 2 - ModelEngine/INFO]: [ModelEngine] [A] 
[11:28:48] [Craft Scheduler Thread - 2 - ModelEngine/INFO]: [ModelEngine] [A] Importing em_framboise_cake.bbmodel.
[11:28:48] [Craft Scheduler Thread - 2 - ModelEngine/INFO]: [ModelEngine] [A] 
[11:28:48] [Craft Scheduler Thread - 2 - ModelEngine/INFO]: [ModelEngine] [A] Importing em_passionfruit_cake.bbmodel.
[11:28:48] [Craft Scheduler Thread - 2 - ModelEngine/INFO]: [ModelEngine] [A] 
[11:28:48] [Craft Scheduler Thread - 2 - ModelEngine/INFO]: [ModelEngine] [A] Importing em_redvelvet_cake.bbmodel.
[11:28:48] [Craft Scheduler Thread - 2 - ModelEngine/INFO]: [ModelEngine] [A] 
[11:28:48] [Craft Scheduler Thread - 2 - ModelEngine/INFO]: [ModelEngine] [A] Importing em_strawberry_cake.bbmodel.
[11:28:48] [Craft Scheduler Thread - 2 - ModelEngine/INFO]: [ModelEngine] [A] 
[11:28:48] [Craft Scheduler Thread - 2 - ModelEngine/INFO]: [ModelEngine] [A] Importing em_confetti_resources.bbmodel.
[11:28:48] [Craft Scheduler Thread - 2 - ModelEngine/INFO]: [ModelEngine] [A] 
[11:28:48] [Craft Scheduler Thread - 2 - ModelEngine/INFO]: [ModelEngine] [A] Importing em_confetto_marker.bbmodel.
[11:28:48] [Craft Scheduler Thread - 2 - ModelEngine/INFO]: [ModelEngine] [A] 
[11:28:48] [Craft Scheduler Thread - 2 - ModelEngine/INFO]: [ModelEngine] [A] Importing beepinata_em.bbmodel.
[11:28:48] [Craft Scheduler Thread - 2 - ModelEngine/INFO]: [ModelEngine] [A] 
[11:28:48] [Craft Scheduler Thread - 2 - ModelEngine/INFO]: [ModelEngine] [A] Importing burritopinata_em.bbmodel.
[11:28:48] [Craft Scheduler Thread - 2 - ModelEngine/INFO]: [ModelEngine] [A] 
[11:28:48] [Craft Scheduler Thread - 2 - ModelEngine/INFO]: [ModelEngine] [A] Importing creeperpinata_em.bbmodel.
[11:28:48] [Craft Scheduler Thread - 2 - ModelEngine/INFO]: [ModelEngine] [A] 
[11:28:48] [Craft Scheduler Thread - 2 - ModelEngine/INFO]: [ModelEngine] [A] Importing genericpinata_em.bbmodel.
[11:28:48] [Craft Scheduler Thread - 2 - ModelEngine/INFO]: [ModelEngine] [A] 
[11:28:48] [Craft Scheduler Thread - 2 - ModelEngine/INFO]: [ModelEngine] [A] Importing tntpinata_em.bbmodel.
[11:28:49] [Craft Scheduler Thread - 2 - ModelEngine/INFO]: [ModelEngine] [A] 
[11:28:49] [Craft Scheduler Thread - 2 - ModelEngine/INFO]: [ModelEngine] [A] Resource pack zipped.
[11:28:49] [Server thread/INFO]: [MythicMobs] ProtocolLib not found.
[11:28:50] [Server thread/INFO]: [MythicMobs] Attached traits to items.
[11:28:50] [Server thread/INFO]: [MythicMobs] Loaded 68 items.
[11:29:08] [User Authenticator #0/INFO]: UUID of player Legendaryxxx is 59408d04-a5bc-4e8e-8286-8f88285f783c
[11:29:10] [Server thread/INFO]: Legendaryxxx joined the game
[11:29:10] [Server thread/INFO]: Legendaryxxx[/[0:0:0:0:0:0:0:1%0]:44302] logged in with entity id 187 at ([world]2.5, 69.0, -5.5)
[11:29:34] [Server thread/INFO]: Legendaryxxx issued server command: /mm menu
[11:29:34] [Server thread/INFO]: [MythicMobs] DATA 0 SECONDARY 0
[11:29:36] [Server thread/INFO]: [MythicMobs] DATA 1 SECONDARY 0
[11:29:37] [Server thread/INFO]: [MythicMobs] DATA 68 SECONDARY 0
[11:29:45] [Server thread/INFO]: Legendaryxxx issued server command: /gamemode creative
[11:29:45] [Server thread/INFO]: [Legendaryxxx: Set own game mode to Creative Mode]
[11:30:47] [Server thread/INFO]: Legendaryxxx issued server command: /mm menu
[11:30:47] [Server thread/INFO]: [MythicMobs] DATA 0 SECONDARY 0
[11:30:53] [Server thread/INFO]: [MythicMobs] DATA 1 SECONDARY 0
[11:30:55] [Server thread/INFO]: [MythicMobs] DATA 68 SECONDARY 0
[11:31:17] [Server thread/INFO]: Legendaryxxx issued server command: /gamemode survival
[11:31:17] [Server thread/INFO]: [Legendaryxxx: Set own game mode to Survival Mode]
[11:31:20] [Server thread/INFO]: Legendaryxxx issued server command: /gamemode creative
[11:31:20] [Server thread/INFO]: [Legendaryxxx: Set own game mode to Creative Mode]
[11:34:05] [Server thread/INFO]: Legendaryxxx lost connection: Disconnected
[11:34:05] [Server thread/INFO]: Legendaryxxx left the game
[11:34:15] [Server thread/INFO]: Stopping the server
[11:34:15] [Server thread/INFO]: Stopping server
[11:34:15] [Server thread/INFO]: [MythicLib] Disabling MythicLib v1.6.1
[11:34:15] [Server thread/INFO]: [ModelEngine] Disabling ModelEngine vR4.0.6
[11:34:15] [Server thread/INFO]: [MythicCrucible] Disabling MythicCrucible v2.0.0-SNAPSHOT
[11:34:15] [Server thread/INFO]: [MythicMobs] Disabling MythicMobs v5.6.2-3e052553
[11:34:15] [Server thread/INFO]: [MythicMobs] ------------------------------------------------------------
[11:34:15] [Server thread/INFO]: [MythicMobs] - 
[11:34:15] [Server thread/INFO]: [MythicMobs] - Unloading Mythic...
[11:34:15] [Server thread/INFO]: [MythicMobs] - 
[11:34:15] [Server thread/INFO]: [MythicMobs] ------------------------------------------------------------
[11:34:15] [Server thread/INFO]: [MythicMobs] - Spawners saved and unloaded...
[11:34:15] [Server thread/INFO]: [MythicMobs] - Mobs saved and unloaded...
[11:34:15] [Server thread/INFO]: [MythicMobs] Saving plugin data...
[11:34:15] [Server thread/INFO]: [MythicMobs] ✓Saving Finished
[11:34:15] [Server thread/INFO]: [MythicMobs] - Variables saved...
[11:34:15] [Server thread/INFO]: [MythicMobs] - All active settings have been saved!
[11:34:15] [Server thread/INFO]: [MythicMobs] - Mythic has been unloaded!
[11:34:15] [Server thread/INFO]: [MythicMobs] ------------------------------------------------------------
[11:34:15] [Server thread/INFO]: [MythicMobs] Saving plugin data...
[11:34:15] [Server thread/INFO]: [MythicMobs] ✓Saving Finished
[11:34:15] [Server thread/INFO]: Saving players
[11:34:15] [Server thread/INFO]: Saving worlds
[11:34:15] [Server thread/INFO]: Saving chunks for level 'ServerLevel[world]'/minecraft:overworld
[11:34:15] [Server thread/INFO]: [ChunkHolderManager] Waiting 60s for chunk system to halt for world 'world'
[11:34:15] [Server thread/INFO]: [ChunkHolderManager] Halted chunk system for world 'world'
[11:34:15] [Server thread/INFO]: [ChunkHolderManager] Saving all chunkholders for world 'world'
[11:34:16] [Server thread/INFO]: [ChunkHolderManager] Saved 1709 block chunks, 488 entity chunks, 3 poi chunks in world 'world' in 1.06s
[11:34:16] [Server thread/INFO]: ThreadedAnvilChunkStorage (world): All chunks are saved
[11:34:16] [Server thread/INFO]: Saving chunks for level 'ServerLevel[world_nether]'/minecraft:the_nether
[11:34:16] [Server thread/INFO]: [ChunkHolderManager] Waiting 60s for chunk system to halt for world 'world_nether'
[11:34:16] [Server thread/INFO]: [ChunkHolderManager] Halted chunk system for world 'world_nether'
[11:34:16] [Server thread/INFO]: [ChunkHolderManager] Saving all chunkholders for world 'world_nether'
[11:34:16] [Server thread/INFO]: [ChunkHolderManager] Saved 0 block chunks, 13 entity chunks, 0 poi chunks in world 'world_nether' in 0.00s
[11:34:17] [Server thread/INFO]: ThreadedAnvilChunkStorage (DIM-1): All chunks are saved
[11:34:17] [Server thread/INFO]: Saving chunks for level 'ServerLevel[world_the_end]'/minecraft:the_end
[11:34:17] [Server thread/INFO]: [ChunkHolderManager] Waiting 60s for chunk system to halt for world 'world_the_end'
[11:34:17] [Server thread/INFO]: [ChunkHolderManager] Halted chunk system for world 'world_the_end'
[11:34:17] [Server thread/INFO]: [ChunkHolderManager] Saving all chunkholders for world 'world_the_end'
[11:34:17] [Server thread/INFO]: [ChunkHolderManager] Saved 10 block chunks, 10 entity chunks, 0 poi chunks in world 'world_the_end' in 0.01s
[11:34:17] [Server thread/INFO]: ThreadedAnvilChunkStorage (DIM1): All chunks are saved
[11:34:17] [Server thread/INFO]: ThreadedAnvilChunkStorage: All dimensions are saved
[11:34:17] [Server thread/INFO]: Flushing Chunk IO
[11:34:17] [Server thread/INFO]: Closing Thread Pool
[11:34:17] [Server thread/INFO]: Closing Server
